[09:02:28] [main/INFO] (FabricLoader/GameProvider) Loading Minecraft 1.18.2 with Fabric Loader 0.13.3
[09:02:28] [main/INFO] (FabricLoader) Loading 48 mods:
	- fabric 0.50.0+1.18.2
	- fabric-api-base 0.4.4+d7c144a860
	- fabric-api-lookup-api-v1 1.6.0+2373a54560
	- fabric-biome-api-v1 8.0.4+7b0f312660
	- fabric-blockrenderlayer-v1 1.1.12+3ac43d9560
	- fabric-command-api-v1 1.1.9+d7c144a860
	- fabric-commands-v0 0.2.8+b4f4f6cd60
	- fabric-containers-v0 0.1.21+d7c144a860
	- fabric-content-registries-v0 3.0.3+d82b939260
	- fabric-crash-report-info-v1 0.1.11+3ac43d9560
	- fabric-data-generation-api-v1 2.0.8+6d3e563660
	- fabric-dimensions-v1 2.1.17+2540745460
	- fabric-entity-events-v1 1.4.8+d7c144a860
	- fabric-events-interaction-v0 0.4.19+d7c144a860
	- fabric-events-lifecycle-v0 0.2.14+d7c144a860
	- fabric-game-rule-api-v1 1.0.13+d7c144a860
	- fabric-gametest-api-v1 1.0.16+91b7aa6660
	- fabric-item-api-v1 1.4.0+4457765560
	- fabric-item-groups-v0 0.3.11+91896a4960
	- fabric-key-binding-api-v1 1.0.12+54e5b2ec60
	- fabric-keybindings-v0 0.2.10+b4f4f6cd60
	- fabric-lifecycle-events-v1 2.0.3+2d83e92c60
	- fabric-loot-tables-v1 1.0.11+d7c144a860
	- fabric-mining-level-api-v1 2.1.0+81ea5b3c60
	- fabric-models-v0 0.3.6+d7c144a860
	- fabric-networking-api-v1 1.0.21+d882b91560
	- fabric-networking-v0 0.3.8+b4f4f6cd60
	- fabric-object-builder-api-v1 2.1.0+fe4ddef060
	- fabric-particles-v1 0.2.12+526dc1ac60
	- fabric-registry-sync-v0 0.9.8+0d9ab37260
	- fabric-renderer-api-v1 0.4.13+d882b91560
	- fabric-renderer-indigo 0.4.17+d8c7b9ae60
	- fabric-renderer-registries-v1 3.2.11+b4f4f6cd60
	- fabric-rendering-data-attachment-v1 0.3.7+d7c144a860
	- fabric-rendering-fluids-v1 2.0.2+54e5b2ec60
	- fabric-rendering-v0 1.1.13+b4f4f6cd60
	- fabric-rendering-v1 1.10.7+54e5b2ec60
	- fabric-resource-conditions-api-v1 2.0.3+91b7aa6660
	- fabric-resource-loader-v0 0.4.18+2de5574560
	- fabric-screen-api-v1 1.0.10+d882b91560
	- fabric-screen-handler-api-v1 1.2.0+1f6558e860
	- fabric-textures-v0 1.0.12+3ac43d9560
	- fabric-transfer-api-v1 1.6.0+2373a54560
	- fabric-transitive-access-wideners-v1 1.0.0+40c91ec860
	- fabricloader 0.13.3
	- java 17
	- minecraft 1.18.2
	- oresgalore 0.0.1-1.18.2
[09:02:28] [main/INFO] (FabricLoader/Mixin) SpongePowered MIXIN Subsystem Version=0.8.5 Source=file:/C:/Users/Pranay%20Bokde/.gradle/caches/modules-2/files-2.1/net.fabricmc/sponge-mixin/0.11.2+mixin.0.8.5/f4ae569d559b5e3244b67321945261d83ff7ad8e/sponge-mixin-0.11.2+mixin.0.8.5.jar Service=Knot/Fabric Env=CLIENT
[09:02:29] [main/INFO] (FabricLoader/Mixin) Loaded Fabric development mappings for mixin remapper!
[09:02:29] [main/INFO] (FabricLoader/Mixin) Compatibility level set to JAVA_16
[09:02:29] [main/INFO] (FabricLoader/Mixin) Compatibility level set to JAVA_17
[09:02:37] [Render thread/INFO] (Minecraft) Environment: authHost='https://authserver.mojang.com', accountsHost='https://api.mojang.com', sessionHost='https://sessionserver.mojang.com', servicesHost='https://api.minecraftservices.com', name='PROD'
[09:02:38] [Render thread/ERROR] (Minecraft) Failed to verify authentication
com.mojang.authlib.exceptions.InvalidCredentialsException: Status: 401
	at com.mojang.authlib.exceptions.MinecraftClientHttpException.toAuthenticationException(MinecraftClientHttpException.java:56) ~[authlib-3.3.39.jar:?]
	at com.mojang.authlib.yggdrasil.YggdrasilUserApiService.fetchProperties(YggdrasilUserApiService.java:132) ~[authlib-3.3.39.jar:?]
	at com.mojang.authlib.yggdrasil.YggdrasilUserApiService.<init>(YggdrasilUserApiService.java:44) ~[authlib-3.3.39.jar:?]
	at com.mojang.authlib.yggdrasil.YggdrasilAuthenticationService.createUserApiService(YggdrasilAuthenticationService.java:153) ~[authlib-3.3.39.jar:?]
	at net.minecraft.client.MinecraftClient.createUserApiService(MinecraftClient.java:673) [minecraft-project-@-merged-named.jar:?]
	at net.minecraft.client.MinecraftClient.<init>(MinecraftClient.java:495) [minecraft-project-@-merged-named.jar:?]
	at net.minecraft.client.main.Main.main(Main.java:178) [minecraft-project-@-merged-named.jar:?]
	at jdk.internal.reflect.NativeMethodAccessorImpl.invoke0(Native Method) ~[?:?]
	at jdk.internal.reflect.NativeMethodAccessorImpl.invoke(NativeMethodAccessorImpl.java:77) ~[?:?]
	at jdk.internal.reflect.DelegatingMethodAccessorImpl.invoke(DelegatingMethodAccessorImpl.java:43) ~[?:?]
	at java.lang.reflect.Method.invoke(Method.java:568) ~[?:?]
	at net.fabricmc.loader.impl.game.minecraft.MinecraftGameProvider.launch(MinecraftGameProvider.java:416) [fabric-loader-0.13.3.jar:?]
	at net.fabricmc.loader.impl.launch.knot.Knot.launch(Knot.java:77) [fabric-loader-0.13.3.jar:?]
	at net.fabricmc.loader.impl.launch.knot.KnotClient.main(KnotClient.java:23) [fabric-loader-0.13.3.jar:?]
	at net.fabricmc.devlaunchinjector.Main.main(Main.java:86) [dev-launch-injector-0.2.1+build.8.jar:?]
Caused by: com.mojang.authlib.exceptions.MinecraftClientHttpException: Status: 401
	at com.mojang.authlib.minecraft.client.MinecraftClient.readInputStream(MinecraftClient.java:78) ~[authlib-3.3.39.jar:?]
	at com.mojang.authlib.minecraft.client.MinecraftClient.get(MinecraftClient.java:48) ~[authlib-3.3.39.jar:?]
	at com.mojang.authlib.yggdrasil.YggdrasilUserApiService.fetchProperties(YggdrasilUserApiService.java:113) ~[authlib-3.3.39.jar:?]
	... 13 more
[09:02:38] [Render thread/INFO] (Minecraft) Setting user: Player987
[09:02:38] [Render thread/INFO] (oresgalore) Registering Mod Items for oresgalore
[09:02:38] [Render thread/INFO] (Indigo) [Indigo] Registering Indigo renderer!
[09:02:38] [Render thread/INFO] (Minecraft) Backend library: LWJGL version 3.2.2 build 10
[09:02:45] [Render thread/INFO] (Minecraft) Narrator library for x64 successfully loaded
[09:02:45] [Render thread/INFO] (Minecraft) Reloading ResourceManager: Default, Fabric Mods (Fabric Object Builder API (v1), Fabric Item Groups (v0), Fabric Rendering (v1), Fabric BlockRenderLayer Registration (v1), Fabric Resource Conditions API (v1), Fabric Rendering Data Attachment (v1), Fabric Networking (v0), Fabric Models (v0), Fabric Game Test API (v1), Fabric Transfer API (v1), Fabric Command API (v1), Fabric Biome API (v1), Fabric Renderer Registries (v1), Fabric Entity Events (v1), Fabric Mining Level API (v1), Fabric Key Bindings (v0), Fabric Resource Loader (v0), Ores Galore, Fabric Lifecycle Events (v1), Fabric Screen API (v1), Fabric Textures (v0), Fabric Screen Handler API (v1), Fabric Content Registries (v0), Fabric Containers (v0), Fabric Particles (v1), Fabric Item API (v1), Fabric Data Generation API (v1), Fabric API Base, Fabric Commands (v0), Fabric Rendering Fluids (v1), Fabric Loader, Fabric Renderer API (v1), Fabric Key Binding API (v1), Fabric Crash Report Info (v1), Fabric API Lookup API (v1), Fabric Registry Sync (v0), Fabric Events Lifecycle (v0), Fabric API, Fabric Transitive Access Wideners (v1), Fabric Events Interaction (v0), Fabric Dimensions API (v1), Fabric Rendering (v0), Fabric Loot Tables (v1), Fabric Renderer - Indigo, Fabric Game Rule API (v1), Fabric Networking API (v1))
[09:02:45] [Render thread/INFO] (oresgalore) This line is printed by an example mod mixin!
[09:02:46] [Realms Notification Availability checker #1/INFO] (Minecraft) Could not authorize you against Realms server: Invalid session id
[09:02:47] [Render thread/INFO] (oresgalore) This line is printed by an example mod mixin!
[09:02:49] [Render thread/INFO] (Minecraft) OpenAL initialized on device OpenAL Soft on Speakers (Creative SB X-Fi)
[09:02:49] [Render thread/INFO] (Minecraft) Sound engine started
[09:02:49] [Render thread/INFO] (Minecraft) Created: 1024x1024x4 minecraft:textures/atlas/blocks.png-atlas
[09:02:49] [Render thread/INFO] (Minecraft) Created: 256x128x4 minecraft:textures/atlas/signs.png-atlas
[09:02:49] [Render thread/INFO] (Minecraft) Created: 1024x512x4 minecraft:textures/atlas/banner_patterns.png-atlas
[09:02:49] [Render thread/INFO] (Minecraft) Created: 1024x512x4 minecraft:textures/atlas/shield_patterns.png-atlas
[09:02:49] [Render thread/INFO] (Minecraft) Created: 256x256x4 minecraft:textures/atlas/chest.png-atlas
[09:02:49] [Render thread/INFO] (Minecraft) Created: 512x256x4 minecraft:textures/atlas/beds.png-atlas
[09:02:49] [Render thread/INFO] (Minecraft) Created: 512x256x4 minecraft:textures/atlas/shulker_boxes.png-atlas
[09:02:51] [Render thread/INFO] (Minecraft) Created: 256x256x0 minecraft:textures/atlas/particles.png-atlas
[09:02:51] [Render thread/INFO] (Minecraft) Created: 256x256x0 minecraft:textures/atlas/paintings.png-atlas
[09:02:51] [Render thread/INFO] (Minecraft) Created: 256x128x0 minecraft:textures/atlas/mob_effects.png-atlas
[09:02:51] [Render thread/INFO] (oresgalore) This line is printed by an example mod mixin!
[09:03:07] [Render thread/WARN] (Minecraft) Ambiguity between arguments [teleport, location] and [teleport, destination] with inputs: [0.1 -0.5 .9, 0 0 0]
[09:03:07] [Render thread/WARN] (Minecraft) Ambiguity between arguments [teleport, location] and [teleport, targets] with inputs: [0.1 -0.5 .9, 0 0 0]
[09:03:07] [Render thread/WARN] (Minecraft) Ambiguity between arguments [teleport, destination] and [teleport, targets] with inputs: [Player, 0123, @e, dd12be42-52a9-4a91-a8a1-11c01849e498]
[09:03:07] [Render thread/WARN] (Minecraft) Ambiguity between arguments [teleport, targets] and [teleport, destination] with inputs: [Player, 0123, dd12be42-52a9-4a91-a8a1-11c01849e498]
[09:03:07] [Render thread/WARN] (Minecraft) Ambiguity between arguments [teleport, targets, location] and [teleport, targets, destination] with inputs: [0.1 -0.5 .9, 0 0 0]
[09:03:08] [Render thread/INFO] (Minecraft) Loaded 7 recipes
[09:03:08] [Render thread/INFO] (Minecraft) Loaded 1141 advancements
[09:03:09] [Render thread/INFO] (Minecraft) Environment: authHost='https://authserver.mojang.com', accountsHost='https://api.mojang.com', sessionHost='https://sessionserver.mojang.com', servicesHost='https://api.minecraftservices.com', name='PROD'
[09:03:09] [Render thread/INFO] (BiomeModificationImpl) Applied 0 biome modifications to 0 of 61 new biomes in 3.238 ms
[09:03:09] [Server thread/INFO] (Minecraft) Starting integrated minecraft server version 1.18.2
[09:03:09] [Server thread/INFO] (Minecraft) Generating keypair
[09:03:10] [Server thread/INFO] (Minecraft) Preparing start region for dimension minecraft:overworld
[09:03:11] [Render thread/INFO] (Minecraft) Preparing spawn area: 0%
[09:03:11] [Render thread/INFO] (Minecraft) Preparing spawn area: 0%
[09:03:11] [Render thread/INFO] (Minecraft) Preparing spawn area: 0%
[09:03:11] [Render thread/INFO] (Minecraft) Preparing spawn area: 0%
[09:03:12] [Render thread/INFO] (Minecraft) Preparing spawn area: 0%
[09:03:12] [Render thread/INFO] (Minecraft) Preparing spawn area: 0%
[09:03:13] [Render thread/INFO] (Minecraft) Preparing spawn area: 0%
[09:03:13] [Render thread/INFO] (Minecraft) Preparing spawn area: 4%
[09:03:14] [Render thread/INFO] (Minecraft) Preparing spawn area: 14%
[09:03:14] [Render thread/INFO] (Minecraft) Preparing spawn area: 20%
[09:03:15] [Render thread/INFO] (Minecraft) Preparing spawn area: 49%
[09:03:16] [Render thread/INFO] (Minecraft) Time elapsed: 6246 ms
[09:03:16] [Server thread/INFO] (Minecraft) Changing view distance to 12, from 10
[09:03:16] [Server thread/INFO] (Minecraft) Changing simulation distance to 12, from 0
[09:03:18] [Server thread/INFO] (Minecraft) Player987[local:E:5d63d09e] logged in with entity id 182 at (30.973761250362177, 78.0, 209.57920709441396)
[09:03:18] [Server thread/INFO] (Minecraft) Player987 joined the game
[09:03:19] [Render thread/INFO] (Minecraft) Loaded 0 advancements
[09:03:24] [Server thread/WARN] (Minecraft) Can't keep up! Is the server overloaded? Running 2094ms or 41 ticks behind
[09:04:19] [Render thread/INFO] (Minecraft) Loaded 21 advancements
[09:05:53] [Render thread/INFO] (Minecraft) Loaded 28 advancements
[09:07:06] [Server thread/INFO] (Minecraft) Player987 has made the advancement [Best Friends Forever]
[09:07:06] [Render thread/INFO] (Minecraft) [CHAT] Player987 has made the advancement [Best Friends Forever]
[09:07:06] [Render thread/INFO] (Minecraft) Loaded 31 advancements
[09:08:19] [Server thread/INFO] (Minecraft) Saving and pausing game...
[09:08:19] [Server thread/INFO] (Minecraft) Saving chunks for level 'ServerLevel[Mod Test]'/minecraft:overworld
[09:08:19] [Server thread/INFO] (Minecraft) Saving chunks for level 'ServerLevel[Mod Test]'/minecraft:the_end
[09:08:19] [Server thread/INFO] (Minecraft) Saving chunks for level 'ServerLevel[Mod Test]'/minecraft:the_nether
[09:08:50] [Server thread/INFO] (Minecraft) Saving and pausing game...
[09:08:50] [Server thread/INFO] (Minecraft) Saving chunks for level 'ServerLevel[Mod Test]'/minecraft:overworld
[09:08:50] [Server thread/INFO] (Minecraft) Saving chunks for level 'ServerLevel[Mod Test]'/minecraft:the_end
[09:08:50] [Server thread/INFO] (Minecraft) Saving chunks for level 'ServerLevel[Mod Test]'/minecraft:the_nether
[09:08:51] [Server thread/INFO] (Minecraft) Player987 lost connection: Disconnected
[09:08:51] [Server thread/INFO] (Minecraft) Player987 left the game
[09:08:51] [Server thread/INFO] (Minecraft) Stopping singleplayer server as player logged out
[09:08:51] [Server thread/INFO] (Minecraft) Stopping server
[09:08:51] [Server thread/INFO] (Minecraft) Saving players
[09:08:51] [Server thread/INFO] (Minecraft) Saving worlds
[09:08:52] [Server thread/INFO] (Minecraft) Saving chunks for level 'ServerLevel[Mod Test]'/minecraft:overworld
[09:08:52] [Server thread/INFO] (Minecraft) Saving chunks for level 'ServerLevel[Mod Test]'/minecraft:the_end
[09:08:52] [Server thread/INFO] (Minecraft) Saving chunks for level 'ServerLevel[Mod Test]'/minecraft:the_nether
[09:08:52] [Server thread/INFO] (Minecraft) ThreadedAnvilChunkStorage (Mod Test): All chunks are saved
[09:08:52] [Server thread/INFO] (Minecraft) ThreadedAnvilChunkStorage (DIM1): All chunks are saved
[09:08:52] [Server thread/INFO] (Minecraft) ThreadedAnvilChunkStorage (DIM-1): All chunks are saved
[09:08:52] [Server thread/INFO] (Minecraft) ThreadedAnvilChunkStorage: All dimensions are saved
[09:08:53] [Render thread/INFO] (oresgalore) This line is printed by an example mod mixin!
[09:08:54] [Render thread/INFO] (Minecraft) Stopping!
